# JRE version: OpenJDK Runtime Environment Microsoft-8035246 (17.0.8+7) (build 17.0.8+7-LTS)
# Java VM: OpenJDK 64-Bit Server VM Microsoft-8035246 (17.0.8+7-LTS, mixed mode, sharing, tiered, compressed oops, compressed class ptrs, g1 gc, windows-amd64)
GC Precious Log:
 CPUs: 4 total, 4 available
 Memory: 7821M
 Large Page Support: Disabled
 NUMA Support: Disabled
 Compressed Oops: Enabled (32-bit)
 Heap Region Size: 1M
 Heap Min Capacity: 8M
 Heap Initial Capacity: 124M
 Heap Max Capacity: 2G
 Pre-touch: Disabled
 Parallel Workers: 4
 Concurrent Workers: 1
 Concurrent Refinement Workers: 4
 Periodic GC: Disabled
Heap:
 garbage-first heap   total 263168K, used 216561K [0x0000000080000000, 0x0000000100000000)
  region size 1024K, 16 young (16384K), 4 survivors (4096K)
 Metaspace       used 109559K, committed 110720K, reserved 557056K
  class space    used 15167K, committed 15680K, reserved 425984K
GC Heap History (20 events):
Event: 51.589 GC heap before
{Heap before GC invocations=61 (full 0):
 garbage-first heap   total 263168K, used 217918K [0x0000000080000000, 0x0000000100000000)
  region size 1024K, 44 young (45056K), 3 survivors (3072K)
 Metaspace       used 103412K, committed 104512K, reserved 557056K
  class space    used 14471K, committed 14976K, reserved 425984K
}
Event: 51.604 GC heap after
{Heap after GC invocations=62 (full 0):
 garbage-first heap   total 263168K, used 181566K [0x0000000080000000, 0x0000000100000000)
  region size 1024K, 6 young (6144K), 6 survivors (6144K)
 Metaspace       used 103412K, committed 104512K, reserved 557056K
  class space    used 14471K, committed 14976K, reserved 425984K
}
Event: 52.133 GC heap before
{Heap before GC invocations=62 (full 0):
 garbage-first heap   total 263168K, used 219454K [0x0000000080000000, 0x0000000100000000)
  region size 1024K, 43 young (44032K), 6 survivors (6144K)
 Metaspace       used 103693K, committed 104768K, reserved 557056K
  class space    used 14485K, committed 14976K, reserved 425984K
}
Event: 52.150 GC heap after
{Heap after GC invocations=63 (full 0):
 garbage-first heap   total 263168K, used 186217K [0x0000000080000000, 0x0000000100000000)
  region size 1024K, 5 young (5120K), 5 survivors (5120K)
 Metaspace       used 103693K, committed 104768K, reserved 557056K
  class space    used 14485K, committed 14976K, reserved 425984K
}
Event: 52.656 GC heap before
{Heap before GC invocations=63 (full 0):
 garbage-first heap   total 263168K, used 225129K [0x0000000080000000, 0x0000000100000000)
  region size 1024K, 39 young (39936K), 5 survivors (5120K)
 Metaspace       used 105317K, committed 106432K, reserved 557056K
  class space    used 14578K, committed 15104K, reserved 425984K
}
Event: 52.667 GC heap after
{Heap after GC invocations=64 (full 0):
 garbage-first heap   total 263168K, used 191416K [0x0000000080000000, 0x0000000100000000)
  region size 1024K, 5 young (5120K), 5 survivors (5120K)
 Metaspace       used 105317K, committed 106432K, reserved 557056K
  class space    used 14578K, committed 15104K, reserved 425984K
}
Event: 53.620 GC heap before
{Heap before GC invocations=64 (full 0):
 garbage-first heap   total 263168K, used 221112K [0x0000000080000000, 0x0000000100000000)
  region size 1024K, 35 young (35840K), 5 survivors (5120K)
 Metaspace       used 106238K, committed 107392K, reserved 557056K
  class space    used 14734K, committed 15296K, reserved 425984K
}
Event: 53.629 GC heap after
{Heap after GC invocations=65 (full 0):
 garbage-first heap   total 263168K, used 193357K [0x0000000080000000, 0x0000000100000000)
  region size 1024K, 2 young (2048K), 2 survivors (2048K)
 Metaspace       used 106238K, committed 107392K, reserved 557056K
  class space    used 14734K, committed 15296K, reserved 425984K
}
Event: 55.151 GC heap before
{Heap before GC invocations=65 (full 0):
 garbage-first heap   total 263168K, used 223053K [0x0000000080000000, 0x0000000100000000)
  region size 1024K, 32 young (32768K), 2 survivors (2048K)
 Metaspace       used 106836K, committed 108032K, reserved 557056K
  class space    used 14822K, committed 15360K, reserved 425984K
}
Event: 55.157 GC heap after
{Heap after GC invocations=66 (full 0):
 garbage-first heap   total 263168K, used 194706K [0x0000000080000000, 0x0000000100000000)
  region size 1024K, 3 young (3072K), 3 survivors (3072K)
 Metaspace       used 106836K, committed 108032K, reserved 557056K
  class space    used 14822K, committed 15360K, reserved 425984K
}
Event: 56.264 GC heap before
{Heap before GC invocations=66 (full 0):
 garbage-first heap   total 263168K, used 224402K [0x0000000080000000, 0x0000000100000000)
  region size 1024K, 33 young (33792K), 3 survivors (3072K)
 Metaspace       used 107664K, committed 108864K, reserved 557056K
  class space    used 14956K, committed 15488K, reserved 425984K
}
Event: 56.272 GC heap after
{Heap after GC invocations=67 (full 0):
 garbage-first heap   total 263168K, used 198261K [0x0000000080000000, 0x0000000100000000)
  region size 1024K, 5 young (5120K), 5 survivors (5120K)
 Metaspace       used 107664K, committed 108864K, reserved 557056K
  class space    used 14956K, committed 15488K, reserved 425984K
}
Event: 57.591 GC heap before
{Heap before GC invocations=67 (full 0):
 garbage-first heap   total 263168K, used 224885K [0x0000000080000000, 0x0000000100000000)
  region size 1024K, 32 young (32768K), 5 survivors (5120K)
 Metaspace       used 107664K, committed 108864K, reserved 557056K
  class space    used 14956K, committed 15488K, reserved 425984K
}
Event: 57.597 GC heap after
{Heap after GC invocations=68 (full 0):
 garbage-first heap   total 263168K, used 199697K [0x0000000080000000, 0x0000000100000000)
  region size 1024K, 2 young (2048K), 2 survivors (2048K)
 Metaspace       used 107664K, committed 108864K, reserved 557056K
  class space    used 14956K, committed 15488K, reserved 425984K
}
Event: 58.279 GC heap before
{Heap before GC invocations=68 (full 0):
 garbage-first heap   total 263168K, used 230417K [0x0000000080000000, 0x0000000100000000)
  region size 1024K, 29 young (29696K), 2 survivors (2048K)
 Metaspace       used 107736K, committed 108928K, reserved 557056K
  class space    used 14956K, committed 15488K, reserved 425984K
}
Event: 58.284 GC heap after
{Heap after GC invocations=69 (full 0):
 garbage-first heap   total 263168K, used 202161K [0x0000000080000000, 0x0000000100000000)
  region size 1024K, 4 young (4096K), 4 survivors (4096K)
 Metaspace       used 107736K, committed 108928K, reserved 557056K
  class space    used 14956K, committed 15488K, reserved 425984K
}
Event: 58.851 GC heap before
{Heap before GC invocations=69 (full 0):
 garbage-first heap   total 263168K, used 226737K [0x0000000080000000, 0x0000000100000000)
  region size 1024K, 29 young (29696K), 4 survivors (4096K)
 Metaspace       used 108013K, committed 109184K, reserved 557056K
  class space    used 14983K, committed 15488K, reserved 425984K
}
Event: 58.856 GC heap after
{Heap after GC invocations=70 (full 0):
 garbage-first heap   total 263168K, used 204002K [0x0000000080000000, 0x0000000100000000)
  region size 1024K, 2 young (2048K), 2 survivors (2048K)
 Metaspace       used 108013K, committed 109184K, reserved 557056K
  class space    used 14983K, committed 15488K, reserved 425984K
}
Event: 59.823 GC heap before
{Heap before GC invocations=70 (full 0):
 garbage-first heap   total 263168K, used 231650K [0x0000000080000000, 0x0000000100000000)
  region size 1024K, 26 young (26624K), 2 survivors (2048K)
 Metaspace       used 109537K, committed 110656K, reserved 557056K
  class space    used 15167K, committed 15680K, reserved 425984K
}
Event: 59.829 GC heap after
{Heap after GC invocations=71 (full 0):
 garbage-first heap   total 263168K, used 205297K [0x0000000080000000, 0x0000000100000000)
  region size 1024K, 4 young (4096K), 4 survivors (4096K)
 Metaspace       used 109537K, committed 110656K, reserved 557056K
  class space    used 15167K, committed 15680K, reserved 425984K
}

