# JRE version: OpenJDK Runtime Environment Microsoft-8035246 (17.0.8+7) (build 17.0.8+7-LTS)
# Java VM: OpenJDK 64-Bit Server VM Microsoft-8035246 (17.0.8+7-LTS, mixed mode, sharing, tiered, compressed oops, compressed class ptrs, g1 gc, windows-amd64)
GC Precious Log:
 CPUs: 4 total, 4 available
 Memory: 7821M
 Large Page Support: Disabled
 NUMA Support: Disabled
 Compressed Oops: Enabled (32-bit)
 Heap Region Size: 1M
 Heap Min Capacity: 8M
 Heap Initial Capacity: 124M
 Heap Max Capacity: 2G
 Pre-touch: Disabled
 Parallel Workers: 4
 Concurrent Workers: 1
 Concurrent Refinement Workers: 4
 Periodic GC: Disabled
Heap:
 garbage-first heap   total 488448K, used 399570K [0x0000000080000000, 0x0000000100000000)
  region size 1024K, 12 young (12288K), 3 survivors (3072K)
 Metaspace       used 181050K, committed 182656K, reserved 622592K
  class space    used 24460K, committed 25216K, reserved 425984K
GC Heap History (20 events):
Event: 412.595 GC heap before
{Heap before GC invocations=93 (full 0):
 garbage-first heap   total 459776K, used 275138K [0x0000000080000000, 0x0000000100000000)
  region size 1024K, 22 young (22528K), 8 survivors (8192K)
 Metaspace       used 167444K, committed 168896K, reserved 622592K
  class space    used 22873K, committed 23552K, reserved 425984K
}
Event: 412.611 GC heap after
{Heap after GC invocations=94 (full 0):
 garbage-first heap   total 459776K, used 253857K [0x0000000080000000, 0x0000000100000000)
  region size 1024K, 2 young (2048K), 2 survivors (2048K)
 Metaspace       used 167444K, committed 168896K, reserved 622592K
  class space    used 22873K, committed 23552K, reserved 425984K
}
Event: 428.943 GC heap before
{Heap before GC invocations=94 (full 0):
 garbage-first heap   total 459776K, used 401313K [0x0000000080000000, 0x0000000100000000)
  region size 1024K, 134 young (137216K), 2 survivors (2048K)
 Metaspace       used 170411K, committed 171840K, reserved 622592K
  class space    used 23198K, committed 23872K, reserved 425984K
}
Event: 428.956 GC heap after
{Heap after GC invocations=95 (full 0):
 garbage-first heap   total 459776K, used 268878K [0x0000000080000000, 0x0000000100000000)
  region size 1024K, 13 young (13312K), 13 survivors (13312K)
 Metaspace       used 170411K, committed 171840K, reserved 622592K
  class space    used 23198K, committed 23872K, reserved 425984K
}
Event: 431.088 GC heap before
{Heap before GC invocations=96 (full 0):
 garbage-first heap   total 488448K, used 398926K [0x0000000080000000, 0x0000000100000000)
  region size 1024K, 123 young (125952K), 13 survivors (13312K)
 Metaspace       used 176336K, committed 177856K, reserved 622592K
  class space    used 23960K, committed 24704K, reserved 425984K
}
Event: 431.108 GC heap after
{Heap after GC invocations=97 (full 0):
 garbage-first heap   total 488448K, used 281852K [0x0000000080000000, 0x0000000100000000)
  region size 1024K, 10 young (10240K), 10 survivors (10240K)
 Metaspace       used 176336K, committed 177856K, reserved 622592K
  class space    used 23960K, committed 24704K, reserved 425984K
}
Event: 431.257 GC heap before
{Heap before GC invocations=97 (full 0):
 garbage-first heap   total 488448K, used 295164K [0x0000000080000000, 0x0000000100000000)
  region size 1024K, 23 young (23552K), 10 survivors (10240K)
 Metaspace       used 176877K, committed 178368K, reserved 622592K
  class space    used 24004K, committed 24768K, reserved 425984K
}
Event: 431.273 GC heap after
{Heap after GC invocations=98 (full 0):
 garbage-first heap   total 488448K, used 279691K [0x0000000080000000, 0x0000000100000000)
  region size 1024K, 3 young (3072K), 3 survivors (3072K)
 Metaspace       used 176877K, committed 178368K, reserved 622592K
  class space    used 24004K, committed 24768K, reserved 425984K
}
Event: 432.591 GC heap before
{Heap before GC invocations=98 (full 0):
 garbage-first heap   total 488448K, used 407691K [0x0000000080000000, 0x0000000100000000)
  region size 1024K, 126 young (129024K), 3 survivors (3072K)
 Metaspace       used 178136K, committed 179584K, reserved 622592K
  class space    used 24178K, committed 24896K, reserved 425984K
}
Event: 432.606 GC heap after
{Heap after GC invocations=99 (full 0):
 garbage-first heap   total 488448K, used 288754K [0x0000000080000000, 0x0000000100000000)
  region size 1024K, 12 young (12288K), 12 survivors (12288K)
 Metaspace       used 178136K, committed 179584K, reserved 622592K
  class space    used 24178K, committed 24896K, reserved 425984K
}
Event: 433.770 GC heap before
{Heap before GC invocations=99 (full 0):
 garbage-first heap   total 488448K, used 406514K [0x0000000080000000, 0x0000000100000000)
  region size 1024K, 127 young (130048K), 12 survivors (12288K)
 Metaspace       used 179154K, committed 180672K, reserved 622592K
  class space    used 24285K, committed 25024K, reserved 425984K
}
Event: 433.781 GC heap after
{Heap after GC invocations=100 (full 0):
 garbage-first heap   total 488448K, used 290601K [0x0000000080000000, 0x0000000100000000)
  region size 1024K, 5 young (5120K), 5 survivors (5120K)
 Metaspace       used 179154K, committed 180672K, reserved 622592K
  class space    used 24285K, committed 25024K, reserved 425984K
}
Event: 434.636 GC heap before
{Heap before GC invocations=100 (full 0):
 garbage-first heap   total 488448K, used 411433K [0x0000000080000000, 0x0000000100000000)
  region size 1024K, 123 young (125952K), 5 survivors (5120K)
 Metaspace       used 179384K, committed 180864K, reserved 622592K
  class space    used 24288K, committed 25024K, reserved 425984K
}
Event: 434.646 GC heap after
{Heap after GC invocations=101 (full 0):
 garbage-first heap   total 488448K, used 292908K [0x0000000080000000, 0x0000000100000000)
  region size 1024K, 8 young (8192K), 8 survivors (8192K)
 Metaspace       used 179384K, committed 180864K, reserved 622592K
  class space    used 24288K, committed 25024K, reserved 425984K
}
Event: 435.582 GC heap before
{Heap before GC invocations=101 (full 0):
 garbage-first heap   total 488448K, used 414764K [0x0000000080000000, 0x0000000100000000)
  region size 1024K, 127 young (130048K), 8 survivors (8192K)
 Metaspace       used 179814K, committed 181312K, reserved 622592K
  class space    used 24303K, committed 25024K, reserved 425984K
}
Event: 435.592 GC heap after
{Heap after GC invocations=102 (full 0):
 garbage-first heap   total 488448K, used 295326K [0x0000000080000000, 0x0000000100000000)
  region size 1024K, 10 young (10240K), 10 survivors (10240K)
 Metaspace       used 179814K, committed 181312K, reserved 622592K
  class space    used 24303K, committed 25024K, reserved 425984K
}
Event: 437.394 GC heap before
{Heap before GC invocations=102 (full 0):
 garbage-first heap   total 488448K, used 422302K [0x0000000080000000, 0x0000000100000000)
  region size 1024K, 104 young (106496K), 10 survivors (10240K)
 Metaspace       used 181340K, committed 182848K, reserved 622592K
  class space    used 24484K, committed 25216K, reserved 425984K
}
Event: 437.409 GC heap after
{Heap after GC invocations=103 (full 0):
 garbage-first heap   total 488448K, used 318536K [0x0000000080000000, 0x0000000100000000)
  region size 1024K, 17 young (17408K), 17 survivors (17408K)
 Metaspace       used 181340K, committed 182848K, reserved 622592K
  class space    used 24484K, committed 25216K, reserved 425984K
}
Event: 437.652 GC heap before
{Heap before GC invocations=103 (full 0):
 garbage-first heap   total 488448K, used 357448K [0x0000000080000000, 0x0000000100000000)
  region size 1024K, 22 young (22528K), 17 survivors (17408K)
 Metaspace       used 181340K, committed 182848K, reserved 622592K
  class space    used 24484K, committed 25216K, reserved 425984K
}
Event: 437.664 GC heap after
{Heap after GC invocations=104 (full 0):
 garbage-first heap   total 488448K, used 345298K [0x0000000080000000, 0x0000000100000000)
  region size 1024K, 3 young (3072K), 3 survivors (3072K)
 Metaspace       used 181340K, committed 182848K, reserved 622592K
  class space    used 24484K, committed 25216K, reserved 425984K
}

