# JRE version: OpenJDK Runtime Environment Microsoft-8035246 (17.0.8+7) (build 17.0.8+7-LTS)
# Java VM: OpenJDK 64-Bit Server VM Microsoft-8035246 (17.0.8+7-LTS, mixed mode, sharing, tiered, compressed oops, compressed class ptrs, g1 gc, windows-amd64)
GC Precious Log:
 CPUs: 4 total, 4 available
 Memory: 7821M
 Large Page Support: Disabled
 NUMA Support: Disabled
 Compressed Oops: Enabled (32-bit)
 Heap Region Size: 1M
 Heap Min Capacity: 8M
 Heap Initial Capacity: 124M
 Heap Max Capacity: 1956M
 Pre-touch: Disabled
 Parallel Workers: 4
 Concurrent Workers: 1
 Concurrent Refinement Workers: 4
 Periodic GC: Disabled
Heap:
 garbage-first heap   total 183296K, used 102984K [0x0000000085c00000, 0x0000000100000000)
  region size 1024K, 3 young (3072K), 3 survivors (3072K)
 Metaspace       used 84396K, committed 84736K, reserved 1179648K
  class space    used 9063K, committed 9216K, reserved 1048576K
GC Heap History (20 events):
Event: 24.246 GC heap after
{Heap after GC invocations=28 (full 0):
 garbage-first heap   total 165888K, used 88249K [0x0000000085c00000, 0x0000000100000000)
  region size 1024K, 4 young (4096K), 4 survivors (4096K)
 Metaspace       used 61823K, committed 62144K, reserved 1114112K
  class space    used 7014K, committed 7168K, reserved 1048576K
}
Event: 25.161 GC heap before
{Heap before GC invocations=28 (full 0):
 garbage-first heap   total 165888K, used 135353K [0x0000000085c00000, 0x0000000100000000)
  region size 1024K, 50 young (51200K), 4 survivors (4096K)
 Metaspace       used 62415K, committed 62784K, reserved 1114112K
  class space    used 7056K, committed 7232K, reserved 1048576K
}
Event: 25.170 GC heap after
{Heap after GC invocations=29 (full 0):
 garbage-first heap   total 165888K, used 89882K [0x0000000085c00000, 0x0000000100000000)
  region size 1024K, 5 young (5120K), 5 survivors (5120K)
 Metaspace       used 62415K, committed 62784K, reserved 1114112K
  class space    used 7056K, committed 7232K, reserved 1048576K
}
Event: 26.803 GC heap before
{Heap before GC invocations=30 (full 0):
 garbage-first heap   total 165888K, used 136986K [0x0000000085c00000, 0x0000000100000000)
  region size 1024K, 51 young (52224K), 5 survivors (5120K)
 Metaspace       used 68033K, committed 68416K, reserved 1114112K
  class space    used 7589K, committed 7744K, reserved 1048576K
}
Event: 26.814 GC heap after
{Heap after GC invocations=31 (full 0):
 garbage-first heap   total 165888K, used 91877K [0x0000000085c00000, 0x0000000100000000)
  region size 1024K, 4 young (4096K), 4 survivors (4096K)
 Metaspace       used 68033K, committed 68416K, reserved 1114112K
  class space    used 7589K, committed 7744K, reserved 1048576K
}
Event: 27.099 GC heap before
{Heap before GC invocations=31 (full 0):
 garbage-first heap   total 165888K, used 95973K [0x0000000085c00000, 0x0000000100000000)
  region size 1024K, 8 young (8192K), 4 survivors (4096K)
 Metaspace       used 68443K, committed 68800K, reserved 1114112K
  class space    used 7630K, committed 7808K, reserved 1048576K
}
Event: 27.110 GC heap after
{Heap after GC invocations=32 (full 0):
 garbage-first heap   total 165888K, used 91687K [0x0000000085c00000, 0x0000000100000000)
  region size 1024K, 1 young (1024K), 1 survivors (1024K)
 Metaspace       used 68443K, committed 68800K, reserved 1114112K
  class space    used 7630K, committed 7808K, reserved 1048576K
}
Event: 29.877 GC heap before
{Heap before GC invocations=32 (full 0):
 garbage-first heap   total 165888K, used 137767K [0x0000000085c00000, 0x0000000100000000)
  region size 1024K, 46 young (47104K), 1 survivors (1024K)
 Metaspace       used 69607K, committed 69952K, reserved 1114112K
  class space    used 7704K, committed 7872K, reserved 1048576K
}
Event: 29.894 GC heap after
{Heap after GC invocations=33 (full 0):
 garbage-first heap   total 165888K, used 101134K [0x0000000085c00000, 0x0000000100000000)
  region size 1024K, 6 young (6144K), 6 survivors (6144K)
 Metaspace       used 69607K, committed 69952K, reserved 1114112K
  class space    used 7704K, committed 7872K, reserved 1048576K
}
Event: 31.395 GC heap before
{Heap before GC invocations=34 (full 0):
 garbage-first heap   total 176128K, used 133902K [0x0000000085c00000, 0x0000000100000000)
  region size 1024K, 38 young (38912K), 6 survivors (6144K)
 Metaspace       used 75696K, committed 76096K, reserved 1179648K
  class space    used 8388K, committed 8576K, reserved 1048576K
}
Event: 31.406 GC heap after
{Heap after GC invocations=35 (full 0):
 garbage-first heap   total 176128K, used 103555K [0x0000000085c00000, 0x0000000100000000)
  region size 1024K, 2 young (2048K), 2 survivors (2048K)
 Metaspace       used 75696K, committed 76096K, reserved 1179648K
  class space    used 8388K, committed 8576K, reserved 1048576K
}
Event: 31.664 GC heap before
{Heap before GC invocations=35 (full 0):
 garbage-first heap   total 176128K, used 108675K [0x0000000085c00000, 0x0000000100000000)
  region size 1024K, 8 young (8192K), 2 survivors (2048K)
 Metaspace       used 77188K, committed 77504K, reserved 1179648K
  class space    used 8541K, committed 8704K, reserved 1048576K
}
Event: 31.670 GC heap after
{Heap after GC invocations=36 (full 0):
 garbage-first heap   total 176128K, used 104028K [0x0000000085c00000, 0x0000000100000000)
  region size 1024K, 1 young (1024K), 1 survivors (1024K)
 Metaspace       used 77188K, committed 77504K, reserved 1179648K
  class space    used 8541K, committed 8704K, reserved 1048576K
}
Event: 33.016 GC heap before
{Heap before GC invocations=36 (full 0):
 garbage-first heap   total 176128K, used 144988K [0x0000000085c00000, 0x0000000100000000)
  region size 1024K, 41 young (41984K), 1 survivors (1024K)
 Metaspace       used 79668K, committed 80000K, reserved 1179648K
  class space    used 8726K, committed 8896K, reserved 1048576K
}
Event: 33.024 GC heap after
{Heap after GC invocations=37 (full 0):
 garbage-first heap   total 176128K, used 105371K [0x0000000085c00000, 0x0000000100000000)
  region size 1024K, 3 young (3072K), 3 survivors (3072K)
 Metaspace       used 79668K, committed 80000K, reserved 1179648K
  class space    used 8726K, committed 8896K, reserved 1048576K
}
Event: 33.809 GC heap before
{Heap before GC invocations=38 (full 0):
 garbage-first heap   total 183296K, used 143259K [0x0000000085c00000, 0x0000000100000000)
  region size 1024K, 42 young (43008K), 3 survivors (3072K)
 Metaspace       used 79972K, committed 80320K, reserved 1179648K
  class space    used 8726K, committed 8896K, reserved 1048576K
}
Event: 33.818 GC heap after
{Heap after GC invocations=39 (full 0):
 garbage-first heap   total 183296K, used 106919K [0x0000000085c00000, 0x0000000100000000)
  region size 1024K, 6 young (6144K), 6 survivors (6144K)
 Metaspace       used 79972K, committed 80320K, reserved 1179648K
  class space    used 8726K, committed 8896K, reserved 1048576K
}
Event: 33.885 GC heap before
{Heap before GC invocations=39 (full 0):
 garbage-first heap   total 183296K, used 108967K [0x0000000085c00000, 0x0000000100000000)
  region size 1024K, 8 young (8192K), 6 survivors (6144K)
 Metaspace       used 79988K, committed 80320K, reserved 1179648K
  class space    used 8726K, committed 8896K, reserved 1048576K
}
Event: 33.897 GC heap after
{Heap after GC invocations=40 (full 0):
 garbage-first heap   total 183296K, used 100572K [0x0000000085c00000, 0x0000000100000000)
  region size 1024K, 1 young (1024K), 1 survivors (1024K)
 Metaspace       used 79988K, committed 80320K, reserved 1179648K
  class space    used 8726K, committed 8896K, reserved 1048576K
}
Event: 35.600 GC heap before
{Heap before GC invocations=40 (full 0):
 garbage-first heap   total 183296K, used 152796K [0x0000000085c00000, 0x0000000100000000)
  region size 1024K, 51 young (52224K), 1 survivors (1024K)
 Metaspace       used 84396K, committed 84736K, reserved 1179648K
  class space    used 9063K, committed 9216K, reserved 1048576K
}

