# JRE version: OpenJDK Runtime Environment Microsoft-8035246 (17.0.8+7) (build 17.0.8+7-LTS)
# Java VM: OpenJDK 64-Bit Server VM Microsoft-8035246 (17.0.8+7-LTS, mixed mode, sharing, tiered, compressed oops, compressed class ptrs, g1 gc, windows-amd64)
GC Precious Log:
 CPUs: 4 total, 4 available
 Memory: 7821M
 Large Page Support: Disabled
 NUMA Support: Disabled
 Compressed Oops: Enabled (32-bit)
 Heap Region Size: 1M
 Heap Min Capacity: 8M
 Heap Initial Capacity: 124M
 Heap Max Capacity: 2G
 Pre-touch: Disabled
 Parallel Workers: 4
 Concurrent Workers: 1
 Concurrent Refinement Workers: 4
 Periodic GC: Disabled
Heap:
 garbage-first heap   total 416768K, used 197302K [0x0000000080000000, 0x0000000100000000)
  region size 1024K, 31 young (31744K), 2 survivors (2048K)
 Metaspace       used 99444K, committed 100544K, reserved 557056K
  class space    used 13868K, committed 14336K, reserved 425984K
GC Heap History (20 events):
Event: 66.403 GC heap before
{Heap before GC invocations=47 (full 0):
 garbage-first heap   total 171008K, used 141238K [0x0000000080000000, 0x0000000100000000)
  region size 1024K, 31 young (31744K), 6 survivors (6144K)
 Metaspace       used 91629K, committed 92544K, reserved 557056K
  class space    used 12814K, committed 13248K, reserved 425984K
}
Event: 66.411 GC heap after
{Heap after GC invocations=48 (full 0):
 garbage-first heap   total 171008K, used 119808K [0x0000000080000000, 0x0000000100000000)
  region size 1024K, 4 young (4096K), 4 survivors (4096K)
 Metaspace       used 91629K, committed 92544K, reserved 557056K
  class space    used 12814K, committed 13248K, reserved 425984K
}
Event: 66.738 GC heap before
{Heap before GC invocations=49 (full 0):
 garbage-first heap   total 224256K, used 140288K [0x0000000080000000, 0x0000000100000000)
  region size 1024K, 22 young (22528K), 4 survivors (4096K)
 Metaspace       used 91758K, committed 92672K, reserved 557056K
  class space    used 12834K, committed 13248K, reserved 425984K
}
Event: 66.745 GC heap after
{Heap after GC invocations=50 (full 0):
 garbage-first heap   total 224256K, used 126739K [0x0000000080000000, 0x0000000100000000)
  region size 1024K, 3 young (3072K), 3 survivors (3072K)
 Metaspace       used 91758K, committed 92672K, reserved 557056K
  class space    used 12834K, committed 13248K, reserved 425984K
}
Event: 66.864 GC heap before
{Heap before GC invocations=50 (full 0):
 garbage-first heap   total 224256K, used 133907K [0x0000000080000000, 0x0000000100000000)
  region size 1024K, 10 young (10240K), 3 survivors (3072K)
 Metaspace       used 92072K, committed 92992K, reserved 557056K
  class space    used 12898K, committed 13312K, reserved 425984K
}
Event: 66.871 GC heap after
{Heap after GC invocations=51 (full 0):
 garbage-first heap   total 224256K, used 128016K [0x0000000080000000, 0x0000000100000000)
  region size 1024K, 2 young (2048K), 2 survivors (2048K)
 Metaspace       used 92072K, committed 92992K, reserved 557056K
  class space    used 12898K, committed 13312K, reserved 425984K
}
Event: 68.832 GC heap before
{Heap before GC invocations=51 (full 0):
 garbage-first heap   total 224256K, used 181264K [0x0000000080000000, 0x0000000100000000)
  region size 1024K, 54 young (55296K), 2 survivors (2048K)
 Metaspace       used 94824K, committed 95808K, reserved 557056K
  class space    used 13291K, committed 13696K, reserved 425984K
}
Event: 68.839 GC heap after
{Heap after GC invocations=52 (full 0):
 garbage-first heap   total 224256K, used 131828K [0x0000000080000000, 0x0000000100000000)
  region size 1024K, 5 young (5120K), 5 survivors (5120K)
 Metaspace       used 94824K, committed 95808K, reserved 557056K
  class space    used 13291K, committed 13696K, reserved 425984K
}
Event: 70.071 GC heap before
{Heap before GC invocations=52 (full 0):
 garbage-first heap   total 224256K, used 184052K [0x0000000080000000, 0x0000000100000000)
  region size 1024K, 56 young (57344K), 5 survivors (5120K)
 Metaspace       used 97489K, committed 98496K, reserved 557056K
  class space    used 13668K, committed 14144K, reserved 425984K
}
Event: 70.079 GC heap after
{Heap after GC invocations=53 (full 0):
 garbage-first heap   total 224256K, used 134935K [0x0000000080000000, 0x0000000100000000)
  region size 1024K, 4 young (4096K), 4 survivors (4096K)
 Metaspace       used 97489K, committed 98496K, reserved 557056K
  class space    used 13668K, committed 14144K, reserved 425984K
}
Event: 70.692 GC heap before
{Heap before GC invocations=53 (full 0):
 garbage-first heap   total 224256K, used 185111K [0x0000000080000000, 0x0000000100000000)
  region size 1024K, 53 young (54272K), 4 survivors (4096K)
 Metaspace       used 98025K, committed 99072K, reserved 557056K
  class space    used 13734K, committed 14208K, reserved 425984K
}
Event: 70.703 GC heap after
{Heap after GC invocations=54 (full 0):
 garbage-first heap   total 224256K, used 142517K [0x0000000080000000, 0x0000000100000000)
  region size 1024K, 7 young (7168K), 7 survivors (7168K)
 Metaspace       used 98025K, committed 99072K, reserved 557056K
  class space    used 13734K, committed 14208K, reserved 425984K
}
Event: 71.426 GC heap before
{Heap before GC invocations=54 (full 0):
 garbage-first heap   total 224256K, used 185525K [0x0000000080000000, 0x0000000100000000)
  region size 1024K, 49 young (50176K), 7 survivors (7168K)
 Metaspace       used 98087K, committed 99136K, reserved 557056K
  class space    used 13738K, committed 14208K, reserved 425984K
}
Event: 71.440 GC heap after
{Heap after GC invocations=55 (full 0):
 garbage-first heap   total 224256K, used 150701K [0x0000000080000000, 0x0000000100000000)
  region size 1024K, 7 young (7168K), 7 survivors (7168K)
 Metaspace       used 98087K, committed 99136K, reserved 557056K
  class space    used 13738K, committed 14208K, reserved 425984K
}
Event: 72.050 GC heap before
{Heap before GC invocations=55 (full 0):
 garbage-first heap   total 224256K, used 186541K [0x0000000080000000, 0x0000000100000000)
  region size 1024K, 42 young (43008K), 7 survivors (7168K)
 Metaspace       used 98464K, committed 99520K, reserved 557056K
  class space    used 13780K, committed 14272K, reserved 425984K
}
Event: 72.062 GC heap after
{Heap after GC invocations=56 (full 0):
 garbage-first heap   total 224256K, used 157691K [0x0000000080000000, 0x0000000100000000)
  region size 1024K, 6 young (6144K), 6 survivors (6144K)
 Metaspace       used 98464K, committed 99520K, reserved 557056K
  class space    used 13780K, committed 14272K, reserved 425984K
}
Event: 72.755 GC heap before
{Heap before GC invocations=57 (full 0):
 garbage-first heap   total 285696K, used 183291K [0x0000000080000000, 0x0000000100000000)
  region size 1024K, 31 young (31744K), 6 survivors (6144K)
 Metaspace       used 98698K, committed 99776K, reserved 557056K
  class space    used 13807K, committed 14272K, reserved 425984K
}
Event: 72.766 GC heap after
{Heap after GC invocations=58 (full 0):
 garbage-first heap   total 285696K, used 165571K [0x0000000080000000, 0x0000000100000000)
  region size 1024K, 4 young (4096K), 4 survivors (4096K)
 Metaspace       used 98698K, committed 99776K, reserved 557056K
  class space    used 13807K, committed 14272K, reserved 425984K
}
Event: 72.891 GC heap before
{Heap before GC invocations=58 (full 0):
 garbage-first heap   total 285696K, used 175811K [0x0000000080000000, 0x0000000100000000)
  region size 1024K, 13 young (13312K), 4 survivors (4096K)
 Metaspace       used 98734K, committed 99840K, reserved 557056K
  class space    used 13811K, committed 14272K, reserved 425984K
}
Event: 72.906 GC heap after
{Heap after GC invocations=59 (full 0):
 garbage-first heap   total 416768K, used 169654K [0x0000000080000000, 0x0000000100000000)
  region size 1024K, 2 young (2048K), 2 survivors (2048K)
 Metaspace       used 98734K, committed 99840K, reserved 557056K
  class space    used 13811K, committed 14272K, reserved 425984K
}

