# JRE version: OpenJDK Runtime Environment Microsoft-8035246 (17.0.8+7) (build 17.0.8+7-LTS)
# Java VM: OpenJDK 64-Bit Server VM Microsoft-8035246 (17.0.8+7-LTS, mixed mode, sharing, tiered, compressed oops, compressed class ptrs, g1 gc, windows-amd64)
GC Precious Log:
 CPUs: 4 total, 4 available
 Memory: 7821M
 Large Page Support: Disabled
 NUMA Support: Disabled
 Compressed Oops: Enabled (32-bit)
 Heap Region Size: 1M
 Heap Min Capacity: 8M
 Heap Initial Capacity: 124M
 Heap Max Capacity: 2G
 Pre-touch: Disabled
 Parallel Workers: 4
 Concurrent Workers: 1
 Concurrent Refinement Workers: 4
 Periodic GC: Disabled
Heap:
 garbage-first heap   total 415744K, used 382377K [0x0000000080000000, 0x0000000100000000)
  region size 1024K, 10 young (10240K), 1 survivors (1024K)
 Metaspace       used 105723K, committed 106816K, reserved 557056K
  class space    used 14565K, committed 15104K, reserved 425984K
GC Heap History (20 events):
Event: 42.637 GC heap before
{Heap before GC invocations=42 (full 0):
 garbage-first heap   total 277504K, used 239616K [0x0000000080000000, 0x0000000100000000)
  region size 1024K, 52 young (53248K), 4 survivors (4096K)
 Metaspace       used 103165K, committed 104256K, reserved 557056K
  class space    used 14241K, committed 14784K, reserved 425984K
}
Event: 42.648 GC heap after
{Heap after GC invocations=43 (full 0):
 garbage-first heap   total 277504K, used 186526K [0x0000000080000000, 0x0000000100000000)
  region size 1024K, 4 young (4096K), 4 survivors (4096K)
 Metaspace       used 103165K, committed 104256K, reserved 557056K
  class space    used 14241K, committed 14784K, reserved 425984K
}
Event: 43.570 GC heap before
{Heap before GC invocations=43 (full 0):
 garbage-first heap   total 277504K, used 241822K [0x0000000080000000, 0x0000000100000000)
  region size 1024K, 51 young (52224K), 4 survivors (4096K)
 Metaspace       used 103298K, committed 104384K, reserved 557056K
  class space    used 14255K, committed 14784K, reserved 425984K
}
Event: 43.579 GC heap after
{Heap after GC invocations=44 (full 0):
 garbage-first heap   total 277504K, used 190158K [0x0000000080000000, 0x0000000100000000)
  region size 1024K, 7 young (7168K), 7 survivors (7168K)
 Metaspace       used 103298K, committed 104384K, reserved 557056K
  class space    used 14255K, committed 14784K, reserved 425984K
}
Event: 44.128 GC heap before
{Heap before GC invocations=44 (full 0):
 garbage-first heap   total 277504K, used 235214K [0x0000000080000000, 0x0000000100000000)
  region size 1024K, 52 young (53248K), 7 survivors (7168K)
 Metaspace       used 103413K, committed 104448K, reserved 557056K
  class space    used 14263K, committed 14784K, reserved 425984K
}
Event: 44.138 GC heap after
{Heap after GC invocations=45 (full 0):
 garbage-first heap   total 277504K, used 192971K [0x0000000080000000, 0x0000000100000000)
  region size 1024K, 3 young (3072K), 3 survivors (3072K)
 Metaspace       used 103413K, committed 104448K, reserved 557056K
  class space    used 14263K, committed 14784K, reserved 425984K
}
Event: 44.680 GC heap before
{Heap before GC invocations=45 (full 0):
 garbage-first heap   total 277504K, used 241099K [0x0000000080000000, 0x0000000100000000)
  region size 1024K, 47 young (48128K), 3 survivors (3072K)
 Metaspace       used 103439K, committed 104448K, reserved 557056K
  class space    used 14265K, committed 14784K, reserved 425984K
}
Event: 44.689 GC heap after
{Heap after GC invocations=46 (full 0):
 garbage-first heap   total 277504K, used 194778K [0x0000000080000000, 0x0000000100000000)
  region size 1024K, 5 young (5120K), 5 survivors (5120K)
 Metaspace       used 103439K, committed 104448K, reserved 557056K
  class space    used 14265K, committed 14784K, reserved 425984K
}
Event: 45.311 GC heap before
{Heap before GC invocations=46 (full 0):
 garbage-first heap   total 277504K, used 241882K [0x0000000080000000, 0x0000000100000000)
  region size 1024K, 48 young (49152K), 5 survivors (5120K)
 Metaspace       used 104125K, committed 105216K, reserved 557056K
  class space    used 14360K, committed 14912K, reserved 425984K
}
Event: 45.319 GC heap after
{Heap after GC invocations=47 (full 0):
 garbage-first heap   total 277504K, used 198200K [0x0000000080000000, 0x0000000100000000)
  region size 1024K, 6 young (6144K), 6 survivors (6144K)
 Metaspace       used 104125K, committed 105216K, reserved 557056K
  class space    used 14360K, committed 14912K, reserved 425984K
}
Event: 46.030 GC heap before
{Heap before GC invocations=47 (full 0):
 garbage-first heap   total 277504K, used 219704K [0x0000000080000000, 0x0000000100000000)
  region size 1024K, 27 young (27648K), 6 survivors (6144K)
 Metaspace       used 105678K, committed 106752K, reserved 557056K
  class space    used 14563K, committed 15104K, reserved 425984K
}
Event: 46.038 GC heap after
{Heap after GC invocations=48 (full 0):
 garbage-first heap   total 277504K, used 202559K [0x0000000080000000, 0x0000000100000000)
  region size 1024K, 4 young (4096K), 4 survivors (4096K)
 Metaspace       used 105678K, committed 106752K, reserved 557056K
  class space    used 14563K, committed 15104K, reserved 425984K
}
Event: 46.345 GC heap before
{Heap before GC invocations=48 (full 0):
 garbage-first heap   total 277504K, used 268095K [0x0000000080000000, 0x0000000100000000)
  region size 1024K, 16 young (16384K), 4 survivors (4096K)
 Metaspace       used 105711K, committed 106816K, reserved 557056K
  class space    used 14567K, committed 15104K, reserved 425984K
}
Event: 46.351 GC heap after
{Heap after GC invocations=49 (full 0):
 garbage-first heap   total 280576K, used 237128K [0x0000000080000000, 0x0000000100000000)
  region size 1024K, 5 young (5120K), 5 survivors (5120K)
 Metaspace       used 105711K, committed 106816K, reserved 557056K
  class space    used 14567K, committed 15104K, reserved 425984K
}
Event: 46.555 GC heap before
{Heap before GC invocations=50 (full 0):
 garbage-first heap   total 414720K, used 285256K [0x0000000080000000, 0x0000000100000000)
  region size 1024K, 14 young (14336K), 5 survivors (5120K)
 Metaspace       used 105712K, committed 106816K, reserved 557056K
  class space    used 14565K, committed 15104K, reserved 425984K
}
Event: 46.560 GC heap after
{Heap after GC invocations=51 (full 0):
 garbage-first heap   total 414720K, used 263057K [0x0000000080000000, 0x0000000100000000)
  region size 1024K, 2 young (2048K), 2 survivors (2048K)
 Metaspace       used 105712K, committed 106816K, reserved 557056K
  class space    used 14565K, committed 15104K, reserved 425984K
}
Event: 47.117 GC heap before
{Heap before GC invocations=51 (full 0):
 garbage-first heap   total 414720K, used 403345K [0x0000000080000000, 0x0000000100000000)
  region size 1024K, 15 young (15360K), 2 survivors (2048K)
 Metaspace       used 105722K, committed 106816K, reserved 557056K
  class space    used 14565K, committed 15104K, reserved 425984K
}
Event: 47.124 GC heap after
{Heap after GC invocations=52 (full 0):
 garbage-first heap   total 415744K, used 336055K [0x0000000080000000, 0x0000000100000000)
  region size 1024K, 3 young (3072K), 3 survivors (3072K)
 Metaspace       used 105722K, committed 106816K, reserved 557056K
  class space    used 14565K, committed 15104K, reserved 425984K
}
Event: 47.136 GC heap before
{Heap before GC invocations=52 (full 0):
 garbage-first heap   total 415744K, used 338103K [0x0000000080000000, 0x0000000100000000)
  region size 1024K, 4 young (4096K), 3 survivors (3072K)
 Metaspace       used 105722K, committed 106816K, reserved 557056K
  class space    used 14565K, committed 15104K, reserved 425984K
}
Event: 47.138 GC heap after
{Heap after GC invocations=53 (full 0):
 garbage-first heap   total 415744K, used 338345K [0x0000000080000000, 0x0000000100000000)
  region size 1024K, 1 young (1024K), 1 survivors (1024K)
 Metaspace       used 105722K, committed 106816K, reserved 557056K
  class space    used 14565K, committed 15104K, reserved 425984K
}

