# JRE version: OpenJDK Runtime Environment Microsoft-8035246 (17.0.8+7) (build 17.0.8+7-LTS)
# Java VM: OpenJDK 64-Bit Server VM Microsoft-8035246 (17.0.8+7-LTS, mixed mode, sharing, tiered, compressed oops, compressed class ptrs, g1 gc, windows-amd64)
GC Precious Log:
 CPUs: 4 total, 4 available
 Memory: 7821M
 Large Page Support: Disabled
 NUMA Support: Disabled
 Compressed Oops: Enabled (32-bit)
 Heap Region Size: 1M
 Heap Min Capacity: 8M
 Heap Initial Capacity: 124M
 Heap Max Capacity: 2G
 Pre-touch: Disabled
 Parallel Workers: 4
 Concurrent Workers: 1
 Concurrent Refinement Workers: 4
 Periodic GC: Disabled
Heap:
 garbage-first heap   total 450560K, used 401929K [0x0000000080000000, 0x0000000100000000)
  region size 1024K, 10 young (10240K), 1 survivors (1024K)
 Metaspace       used 105652K, committed 106752K, reserved 557056K
  class space    used 14565K, committed 15104K, reserved 425984K
GC Heap History (20 events):
Event: 45.318 GC heap before
{Heap before GC invocations=56 (full 0):
 garbage-first heap   total 285696K, used 249856K [0x0000000080000000, 0x0000000100000000)
  region size 1024K, 64 young (65536K), 6 survivors (6144K)
 Metaspace       used 102968K, committed 104128K, reserved 557056K
  class space    used 14230K, committed 14784K, reserved 425984K
}
Event: 45.329 GC heap after
{Heap after GC invocations=57 (full 0):
 garbage-first heap   total 285696K, used 184103K [0x0000000080000000, 0x0000000100000000)
  region size 1024K, 5 young (5120K), 5 survivors (5120K)
 Metaspace       used 102968K, committed 104128K, reserved 557056K
  class space    used 14230K, committed 14784K, reserved 425984K
}
Event: 46.338 GC heap before
{Heap before GC invocations=57 (full 0):
 garbage-first heap   total 285696K, used 243495K [0x0000000080000000, 0x0000000100000000)
  region size 1024K, 60 young (61440K), 5 survivors (5120K)
 Metaspace       used 103143K, committed 104256K, reserved 557056K
  class space    used 14243K, committed 14784K, reserved 425984K
}
Event: 46.353 GC heap after
{Heap after GC invocations=58 (full 0):
 garbage-first heap   total 285696K, used 188139K [0x0000000080000000, 0x0000000100000000)
  region size 1024K, 4 young (4096K), 4 survivors (4096K)
 Metaspace       used 103143K, committed 104256K, reserved 557056K
  class space    used 14243K, committed 14784K, reserved 425984K
}
Event: 47.234 GC heap before
{Heap before GC invocations=58 (full 0):
 garbage-first heap   total 285696K, used 248555K [0x0000000080000000, 0x0000000100000000)
  region size 1024K, 56 young (57344K), 4 survivors (4096K)
 Metaspace       used 103304K, committed 104384K, reserved 557056K
  class space    used 14262K, committed 14784K, reserved 425984K
}
Event: 47.245 GC heap after
{Heap after GC invocations=59 (full 0):
 garbage-first heap   total 285696K, used 192238K [0x0000000080000000, 0x0000000100000000)
  region size 1024K, 4 young (4096K), 4 survivors (4096K)
 Metaspace       used 103304K, committed 104384K, reserved 557056K
  class space    used 14262K, committed 14784K, reserved 425984K
}
Event: 47.934 GC heap before
{Heap before GC invocations=59 (full 0):
 garbage-first heap   total 285696K, used 246510K [0x0000000080000000, 0x0000000100000000)
  region size 1024K, 54 young (55296K), 4 survivors (4096K)
 Metaspace       used 103349K, committed 104448K, reserved 557056K
  class space    used 14263K, committed 14784K, reserved 425984K
}
Event: 47.941 GC heap after
{Heap after GC invocations=60 (full 0):
 garbage-first heap   total 285696K, used 195032K [0x0000000080000000, 0x0000000100000000)
  region size 1024K, 7 young (7168K), 7 survivors (7168K)
 Metaspace       used 103349K, committed 104448K, reserved 557056K
  class space    used 14263K, committed 14784K, reserved 425984K
}
Event: 48.584 GC heap before
{Heap before GC invocations=60 (full 0):
 garbage-first heap   total 285696K, used 248280K [0x0000000080000000, 0x0000000100000000)
  region size 1024K, 56 young (57344K), 7 survivors (7168K)
 Metaspace       used 103530K, committed 104576K, reserved 557056K
  class space    used 14287K, committed 14784K, reserved 425984K
}
Event: 48.593 GC heap after
{Heap after GC invocations=61 (full 0):
 garbage-first heap   total 285696K, used 197791K [0x0000000080000000, 0x0000000100000000)
  region size 1024K, 6 young (6144K), 6 survivors (6144K)
 Metaspace       used 103530K, committed 104576K, reserved 557056K
  class space    used 14287K, committed 14784K, reserved 425984K
}
Event: 49.213 GC heap before
{Heap before GC invocations=61 (full 0):
 garbage-first heap   total 285696K, used 223391K [0x0000000080000000, 0x0000000100000000)
  region size 1024K, 33 young (33792K), 6 survivors (6144K)
 Metaspace       used 105520K, committed 106624K, reserved 557056K
  class space    used 14553K, committed 15104K, reserved 425984K
}
Event: 49.224 GC heap after
{Heap after GC invocations=62 (full 0):
 garbage-first heap   total 285696K, used 200984K [0x0000000080000000, 0x0000000100000000)
  region size 1024K, 6 young (6144K), 6 survivors (6144K)
 Metaspace       used 105520K, committed 106624K, reserved 557056K
  class space    used 14553K, committed 15104K, reserved 425984K
}
Event: 49.231 GC heap before
{Heap before GC invocations=62 (full 0):
 garbage-first heap   total 285696K, used 211224K [0x0000000080000000, 0x0000000100000000)
  region size 1024K, 7 young (7168K), 6 survivors (6144K)
 Metaspace       used 105525K, committed 106624K, reserved 557056K
  class space    used 14554K, committed 15104K, reserved 425984K
}
Event: 49.237 GC heap after
{Heap after GC invocations=63 (full 0):
 garbage-first heap   total 285696K, used 211435K [0x0000000080000000, 0x0000000100000000)
  region size 1024K, 4 young (4096K), 4 survivors (4096K)
 Metaspace       used 105525K, committed 106624K, reserved 557056K
  class space    used 14554K, committed 15104K, reserved 425984K
}
Event: 49.913 GC heap before
{Heap before GC invocations=64 (full 0):
 garbage-first heap   total 447488K, used 351723K [0x0000000080000000, 0x0000000100000000)
  region size 1024K, 31 young (31744K), 4 survivors (4096K)
 Metaspace       used 105639K, committed 106752K, reserved 557056K
  class space    used 14565K, committed 15104K, reserved 425984K
}
Event: 49.927 GC heap after
{Heap after GC invocations=65 (full 0):
 garbage-first heap   total 447488K, used 281773K [0x0000000080000000, 0x0000000100000000)
  region size 1024K, 4 young (4096K), 4 survivors (4096K)
 Metaspace       used 105639K, committed 106752K, reserved 557056K
  class space    used 14565K, committed 15104K, reserved 425984K
}
Event: 50.397 GC heap before
{Heap before GC invocations=65 (full 0):
 garbage-first heap   total 447488K, used 434349K [0x0000000080000000, 0x0000000100000000)
  region size 1024K, 19 young (19456K), 4 survivors (4096K)
 Metaspace       used 105641K, committed 106752K, reserved 557056K
  class space    used 14565K, committed 15104K, reserved 425984K
}
Event: 50.423 GC heap after
{Heap after GC invocations=66 (full 0):
 garbage-first heap   total 450560K, used 362835K [0x0000000080000000, 0x0000000100000000)
  region size 1024K, 3 young (3072K), 3 survivors (3072K)
 Metaspace       used 105641K, committed 106752K, reserved 557056K
  class space    used 14565K, committed 15104K, reserved 425984K
}
Event: 50.429 GC heap before
{Heap before GC invocations=66 (full 0):
 garbage-first heap   total 450560K, used 364883K [0x0000000080000000, 0x0000000100000000)
  region size 1024K, 4 young (4096K), 3 survivors (3072K)
 Metaspace       used 105641K, committed 106752K, reserved 557056K
  class space    used 14565K, committed 15104K, reserved 425984K
}
Event: 50.431 GC heap after
{Heap after GC invocations=67 (full 0):
 garbage-first heap   total 450560K, used 365065K [0x0000000080000000, 0x0000000100000000)
  region size 1024K, 1 young (1024K), 1 survivors (1024K)
 Metaspace       used 105641K, committed 106752K, reserved 557056K
  class space    used 14565K, committed 15104K, reserved 425984K
}

